# JRE version: OpenJDK Runtime Environment (8.0_242-b08) (build 1.8.0_242-b08)
# Java VM: OpenJDK 64-Bit Server VM (25.242-b08 mixed mode windows-amd64 compressed oops)
Heap:
 PSYoungGen      total 264192K, used 197415K [0x000000076cb00000, 0x0000000781400000, 0x00000007c0000000)
  eden space 255488K, 73% used [0x000000076cb00000,0x0000000778351770,0x000000077c480000)
  from space 8704K, 99% used [0x000000077c480000,0x000000077ccf8730,0x000000077cd00000)
  to   space 9728K, 0% used [0x0000000780a80000,0x0000000780a80000,0x0000000781400000)
 ParOldGen       total 97280K, used 9481K [0x00000006c6000000, 0x00000006cbf00000, 0x000000076cb00000)
  object space 97280K, 9% used [0x00000006c6000000,0x00000006c69427e8,0x00000006cbf00000)
 Metaspace       used 34254K, capacity 35414K, committed 35496K, reserved 1081344K
  class space    used 4211K, capacity 4481K, committed 4520K, reserved 1048576K
GC Heap History (10 events):
Event: 4.247 GC heap before
{Heap before GC invocations=4 (full 0):
 PSYoungGen      total 74752K, used 70267K [0x000000076cb00000, 0x0000000775d00000, 0x00000007c0000000)
  eden space 64512K, 100% used [0x000000076cb00000,0x0000000770a00000,0x0000000770a00000)
  from space 10240K, 56% used [0x0000000770a00000,0x0000000770f9ee48,0x0000000771400000)
  to   space 10240K, 0% used [0x0000000775300000,0x0000000775300000,0x0000000775d00000)
 ParOldGen       total 171008K, used 32K [0x00000006c6000000, 0x00000006d0700000, 0x000000076cb00000)
  object space 171008K, 0% used [0x00000006c6000000,0x00000006c6008000,0x00000006d0700000)
 Metaspace       used 16321K, capacity 16784K, committed 17024K, reserved 1064960K
  class space    used 1992K, capacity 2123K, committed 2176K, reserved 1048576K
Event: 4.274 GC heap after
Heap after GC invocations=4 (full 0):
 PSYoungGen      total 139264K, used 6151K [0x000000076cb00000, 0x0000000775d00000, 0x00000007c0000000)
  eden space 129024K, 0% used [0x000000076cb00000,0x000000076cb00000,0x0000000774900000)
  from space 10240K, 60% used [0x0000000775300000,0x0000000775901f70,0x0000000775d00000)
  to   space 10240K, 0% used [0x0000000774900000,0x0000000774900000,0x0000000775300000)
 ParOldGen       total 171008K, used 40K [0x00000006c6000000, 0x00000006d0700000, 0x000000076cb00000)
  object space 171008K, 0% used [0x00000006c6000000,0x00000006c600a000,0x00000006d0700000)
 Metaspace       used 16321K, capacity 16784K, committed 17024K, reserved 1064960K
  class space    used 1992K, capacity 2123K, committed 2176K, reserved 1048576K
}
Event: 4.665 GC heap before
{Heap before GC invocations=5 (full 0):
 PSYoungGen      total 139264K, used 82502K [0x000000076cb00000, 0x0000000775d00000, 0x00000007c0000000)
  eden space 129024K, 59% used [0x000000076cb00000,0x000000077158fac0,0x0000000774900000)
  from space 10240K, 60% used [0x0000000775300000,0x0000000775901f70,0x0000000775d00000)
  to   space 10240K, 0% used [0x0000000774900000,0x0000000774900000,0x0000000775300000)
 ParOldGen       total 171008K, used 40K [0x00000006c6000000, 0x00000006d0700000, 0x000000076cb00000)
  object space 171008K, 0% used [0x00000006c6000000,0x00000006c600a000,0x00000006d0700000)
 Metaspace       used 20667K, capacity 21124K, committed 21296K, reserved 1069056K
  class space    used 2484K, capacity 2627K, committed 2688K, reserved 1048576K
Event: 4.717 GC heap after
Heap after GC invocations=5 (full 0):
 PSYoungGen      total 139264K, used 8845K [0x000000076cb00000, 0x000000077d800000, 0x00000007c0000000)
  eden space 129024K, 0% used [0x000000076cb00000,0x000000076cb00000,0x0000000774900000)
  from space 10240K, 86% used [0x0000000774900000,0x00000007751a36b8,0x0000000775300000)
  to   space 8704K, 0% used [0x000000077cf80000,0x000000077cf80000,0x000000077d800000)
 ParOldGen       total 171008K, used 40K [0x00000006c6000000, 0x00000006d0700000, 0x000000076cb00000)
  object space 171008K, 0% used [0x00000006c6000000,0x00000006c600a000,0x00000006d0700000)
 Metaspace       used 20667K, capacity 21124K, committed 21296K, reserved 1069056K
  class space    used 2484K, capacity 2627K, committed 2688K, reserved 1048576K
}
Event: 4.717 GC heap before
{Heap before GC invocations=6 (full 1):
 PSYoungGen      total 139264K, used 8845K [0x000000076cb00000, 0x000000077d800000, 0x00000007c0000000)
  eden space 129024K, 0% used [0x000000076cb00000,0x000000076cb00000,0x0000000774900000)
  from space 10240K, 86% used [0x0000000774900000,0x00000007751a36b8,0x0000000775300000)
  to   space 8704K, 0% used [0x000000077cf80000,0x000000077cf80000,0x000000077d800000)
 ParOldGen       total 171008K, used 40K [0x00000006c6000000, 0x00000006d0700000, 0x000000076cb00000)
  object space 171008K, 0% used [0x00000006c6000000,0x00000006c600a000,0x00000006d0700000)
 Metaspace       used 20667K, capacity 21124K, committed 21296K, reserved 1069056K
  class space    used 2484K, capacity 2627K, committed 2688K, reserved 1048576K
Event: 4.875 GC heap after
Heap after GC invocations=6 (full 1):
 PSYoungGen      total 139264K, used 0K [0x000000076cb00000, 0x000000077d800000, 0x00000007c0000000)
  eden space 129024K, 0% used [0x000000076cb00000,0x000000076cb00000,0x0000000774900000)
  from space 10240K, 0% used [0x0000000774900000,0x0000000774900000,0x0000000775300000)
  to   space 8704K, 0% used [0x000000077cf80000,0x000000077cf80000,0x000000077d800000)
 ParOldGen       total 97280K, used 8516K [0x00000006c6000000, 0x00000006cbf00000, 0x000000076cb00000)
  object space 97280K, 8% used [0x00000006c6000000,0x00000006c6851238,0x00000006cbf00000)
 Metaspace       used 20667K, capacity 21124K, committed 21296K, reserved 1069056K
  class space    used 2484K, capacity 2627K, committed 2688K, reserved 1048576K
}
Event: 6.661 GC heap before
{Heap before GC invocations=7 (full 1):
 PSYoungGen      total 139264K, used 129024K [0x000000076cb00000, 0x000000077d800000, 0x00000007c0000000)
  eden space 129024K, 100% used [0x000000076cb00000,0x0000000774900000,0x0000000774900000)
  from space 10240K, 0% used [0x0000000774900000,0x0000000774900000,0x0000000775300000)
  to   space 8704K, 0% used [0x000000077cf80000,0x000000077cf80000,0x000000077d800000)
 ParOldGen       total 97280K, used 8516K [0x00000006c6000000, 0x00000006cbf00000, 0x000000076cb00000)
  object space 97280K, 8% used [0x00000006c6000000,0x00000006c6851238,0x00000006cbf00000)
 Metaspace       used 25532K, capacity 26216K, committed 26368K, reserved 1073152K
  class space    used 3091K, capacity 3280K, committed 3328K, reserved 1048576K
Event: 6.691 GC heap after
Heap after GC invocations=7 (full 1):
 PSYoungGen      total 210432K, used 5733K [0x000000076cb00000, 0x000000077d580000, 0x00000007c0000000)
  eden space 204288K, 0% used [0x000000076cb00000,0x000000076cb00000,0x0000000779280000)
  from space 6144K, 93% used [0x000000077cf80000,0x000000077d519510,0x000000077d580000)
  to   space 8704K, 0% used [0x000000077c480000,0x000000077c480000,0x000000077cd00000)
 ParOldGen       total 97280K, used 8524K [0x00000006c6000000, 0x00000006cbf00000, 0x000000076cb00000)
  object space 97280K, 8% used [0x00000006c6000000,0x00000006c6853238,0x00000006cbf00000)
 Metaspace       used 25532K, capacity 26216K, committed 26368K, reserved 1073152K
  class space    used 3091K, capacity 3280K, committed 3328K, reserved 1048576K
}
Event: 8.718 GC heap before
{Heap before GC invocations=8 (full 1):
 PSYoungGen      total 210432K, used 210021K [0x000000076cb00000, 0x000000077d580000, 0x00000007c0000000)
  eden space 204288K, 100% used [0x000000076cb00000,0x0000000779280000,0x0000000779280000)
  from space 6144K, 93% used [0x000000077cf80000,0x000000077d519510,0x000000077d580000)
  to   space 8704K, 0% used [0x000000077c480000,0x000000077c480000,0x000000077cd00000)
 ParOldGen       total 97280K, used 8524K [0x00000006c6000000, 0x00000006cbf00000, 0x000000076cb00000)
  object space 97280K, 8% used [0x00000006c6000000,0x00000006c6853238,0x00000006cbf00000)
 Metaspace       used 30091K, capacity 31116K, committed 31360K, reserved 1077248K
  class space    used 3661K, capacity 3892K, committed 3968K, reserved 1048576K
Event: 8.773 GC heap after
Heap after GC invocations=8 (full 1):
 PSYoungGen      total 264192K, used 8673K [0x000000076cb00000, 0x0000000781400000, 0x00000007c0000000)
  eden space 255488K, 0% used [0x000000076cb00000,0x000000076cb00000,0x000000077c480000)
  from space 8704K, 99% used [0x000000077c480000,0x000000077ccf8730,0x000000077cd00000)
  to   space 9728K, 0% used [0x0000000780a80000,0x0000000780a80000,0x0000000781400000)
 ParOldGen       total 97280K, used 9481K [0x00000006c6000000, 0x00000006cbf00000, 0x000000076cb00000)
  object space 97280K, 9% used [0x00000006c6000000,0x00000006c69427e8,0x00000006cbf00000)
 Metaspace       used 30091K, capacity 31116K, committed 31360K, reserved 1077248K
  class space    used 3661K, capacity 3892K, committed 3968K, reserved 1048576K
}

